14-11-2018 19:42:12 INFO [BaseServiceOption]: Execution is completed for Test Case No.TC_01
14-11-2018 19:42:12 INFO [BaseServiceOption]: ------------------------------------------------------------------
14-11-2018 19:42:12 INFO [BaseServiceOption]: Skipped Test Case No. TC_02
14-11-2018 19:42:12 INFO [BaseServiceOption]: ------------------------------------------------------------------
14-11-2018 19:42:12 INFO [BaseServiceOption]: Skipped Test Case No. TC_03
14-11-2018 19:42:12 INFO [BaseServiceOption]: ------------------------------------------------------------------
14-11-2018 19:42:12 INFO [BaseServiceOption]: Skipped Test Case No. TC_04
14-11-2018 19:42:12 INFO [BaseServiceOption]: ------------------------------------------------------------------
14-11-2018 19:42:12 INFO [BaseServiceOption]: Skipped Test Case No. TC_05
14-11-2018 19:42:12 INFO [BaseServiceOption]: ------------------------------------------------------------------
14-11-2018 19:42:12 INFO [BaseServiceOption]: Skipped Test Case No. TC_06
14-11-2018 19:42:13 INFO [BaseServiceOption]: ------------------------------------------------------------------
14-11-2018 19:42:13 INFO [BaseServiceOption]: Skipped Test Case No. TC_07
14-11-2018 19:42:13 INFO [BaseServiceOption]: ------------------------------------------------------------------
14-11-2018 19:42:13 INFO [BaseServiceOption]: Skipped Test Case No. TC_08
14-11-2018 19:42:13 INFO [BaseServiceOption]: ------------------------------------------------------------------
14-11-2018 19:42:13 INFO [BaseServiceOption]: Skipped Test Case No. TC_09
14-11-2018 19:42:13 INFO [BaseServiceOption]: ------------------------------------------------------------------
14-11-2018 19:42:13 INFO [BaseServiceOption]: Skipped Test Case No. TC_10
14-11-2018 19:42:13 INFO [BaseServiceOption]: ------------------------------------------------------------------
14-11-2018 19:42:13 INFO [BaseServiceOption]: Skipped Test Case No. TC_100
14-11-2018 19:42:13 INFO [BaseServiceOption]: ------------------------------------------------------------------
14-11-2018 19:42:13 INFO [BaseServiceOption]: Skipped Test Case No. TC_104
14-11-2018 19:42:13 INFO [BaseServiceOption]: ------------------------------------------------------------------
14-11-2018 19:42:13 INFO [BaseServiceOption]: Skipped Test Case No. TC_105
14-11-2018 19:42:13 INFO [BaseServiceOption]: ------------------------------------------------------------------
14-11-2018 19:42:13 INFO [BaseServiceOption]: Skipped Test Case No. TC_107
14-11-2018 19:42:13 INFO [BaseServiceOption]: ------------------------------------------------------------------
14-11-2018 19:42:13 INFO [BaseServiceOption]: Skipped Test Case No. TC_108
14-11-2018 19:42:13 INFO [BaseServiceOption]: ------------------------------------------------------------------
14-11-2018 19:42:13 INFO [BaseServiceOption]: Skipped Test Case No. TC_109
14-11-2018 19:42:13 INFO [BaseServiceOption]: ------------------------------------------------------------------
14-11-2018 19:42:13 INFO [BaseServiceOption]: Skipped Test Case No. TC_11
14-11-2018 19:42:13 INFO [BaseServiceOption]: ------------------------------------------------------------------
14-11-2018 19:42:14 INFO [BaseServiceOption]: Skipped Test Case No. TC_110
14-11-2018 19:42:14 INFO [BaseServiceOption]: ------------------------------------------------------------------
14-11-2018 19:42:14 INFO [BaseServiceOption]: Skipped Test Case No. TC_111
14-11-2018 19:42:14 INFO [BaseServiceOption]: ------------------------------------------------------------------
14-11-2018 19:42:14 INFO [BaseServiceOption]: Skipped Test Case No. TC_112
14-11-2018 19:42:14 INFO [BaseServiceOption]: ------------------------------------------------------------------
14-11-2018 19:42:14 INFO [BaseServiceOption]: Skipped Test Case No. TC_113
14-11-2018 19:42:14 INFO [BaseServiceOption]: ------------------------------------------------------------------
14-11-2018 19:42:14 INFO [BaseServiceOption]: Skipped Test Case No. TC_114
14-11-2018 19:42:14 INFO [BaseServiceOption]: ------------------------------------------------------------------
14-11-2018 19:42:14 INFO [BaseServiceOption]: Skipped Test Case No. TC_115
14-11-2018 19:42:14 INFO [BaseServiceOption]: ------------------------------------------------------------------
14-11-2018 19:42:14 INFO [BaseServiceOption]: Skipped Test Case No. TC_116
14-11-2018 19:42:14 INFO [BaseServiceOption]: ------------------------------------------------------------------
14-11-2018 19:42:14 INFO [BaseServiceOption]: Skipped Test Case No. TC_117
14-11-2018 19:42:14 INFO [BaseServiceOption]: ------------------------------------------------------------------
14-11-2018 19:42:14 INFO [BaseServiceOption]: Skipped Test Case No. TC_118
14-11-2018 19:42:14 INFO [BaseServiceOption]: ------------------------------------------------------------------
14-11-2018 19:42:14 INFO [BaseServiceOption]: Skipped Test Case No. TC_119
14-11-2018 19:42:14 INFO [BaseServiceOption]: ------------------------------------------------------------------
14-11-2018 19:42:14 INFO [BaseServiceOption]: Skipped Test Case No. TC_12
14-11-2018 19:42:14 INFO [BaseServiceOption]: ------------------------------------------------------------------
14-11-2018 19:42:15 INFO [BaseServiceOption]: Skipped Test Case No. TC_13
14-11-2018 19:42:15 INFO [BaseServiceOption]: ------------------------------------------------------------------
14-11-2018 19:42:15 INFO [BaseServiceOption]: Skipped Test Case No. TC_14
14-11-2018 19:42:15 INFO [BaseServiceOption]: ------------------------------------------------------------------
14-11-2018 19:42:15 INFO [BaseServiceOption]: Skipped Test Case No. TC_15
14-11-2018 19:42:15 INFO [BaseServiceOption]: ------------------------------------------------------------------
14-11-2018 19:42:15 INFO [BaseServiceOption]: Skipped Test Case No. TC_16
14-11-2018 19:42:15 INFO [BaseServiceOption]: ------------------------------------------------------------------
14-11-2018 19:42:15 INFO [BaseServiceOption]: Skipped Test Case No. TC_17
14-11-2018 19:42:15 INFO [BaseServiceOption]: ------------------------------------------------------------------
14-11-2018 19:42:15 INFO [BaseServiceOption]: Skipped Test Case No. TC_18
14-11-2018 19:42:15 INFO [BaseServiceOption]: ------------------------------------------------------------------
14-11-2018 19:42:15 INFO [BaseServiceOption]: Skipped Test Case No. TC_19
14-11-2018 19:42:15 INFO [BaseServiceOption]: ------------------------------------------------------------------
14-11-2018 19:42:15 INFO [BaseServiceOption]: Skipped Test Case No. TC_21
14-11-2018 19:42:15 INFO [BaseServiceOption]: ------------------------------------------------------------------
14-11-2018 19:42:15 INFO [BaseServiceOption]: Skipped Test Case No. TC_22
14-11-2018 19:42:15 INFO [BaseServiceOption]: ------------------------------------------------------------------
14-11-2018 19:42:15 INFO [BaseServiceOption]: Skipped Test Case No. TC_23
14-11-2018 19:42:15 INFO [BaseServiceOption]: ------------------------------------------------------------------
14-11-2018 19:42:15 INFO [BaseServiceOption]: Skipped Test Case No. TC_24
14-11-2018 19:42:15 INFO [BaseServiceOption]: ------------------------------------------------------------------
14-11-2018 19:42:15 INFO [BaseServiceOption]: Skipped Test Case No. TC_25
14-11-2018 19:42:15 INFO [BaseServiceOption]: ------------------------------------------------------------------
14-11-2018 19:42:16 INFO [BaseServiceOption]: Skipped Test Case No. TC_26
14-11-2018 19:42:16 INFO [BaseServiceOption]: ------------------------------------------------------------------
14-11-2018 19:42:16 INFO [BaseServiceOption]: Skipped Test Case No. TC_27
14-11-2018 19:42:16 INFO [BaseServiceOption]: ------------------------------------------------------------------
14-11-2018 19:42:16 INFO [BaseServiceOption]: Skipped Test Case No. TC_28
14-11-2018 19:42:16 INFO [BaseServiceOption]: ------------------------------------------------------------------
14-11-2018 19:42:16 INFO [BaseServiceOption]: Skipped Test Case No. TC_30
14-11-2018 19:42:16 INFO [BaseServiceOption]: ------------------------------------------------------------------
14-11-2018 19:42:16 INFO [BaseServiceOption]: Skipped Test Case No. TC_31
14-11-2018 19:42:16 INFO [BaseServiceOption]: ------------------------------------------------------------------
14-11-2018 19:42:16 INFO [BaseServiceOption]: Skipped Test Case No. TC_32
14-11-2018 19:42:16 INFO [BaseServiceOption]: ------------------------------------------------------------------
14-11-2018 19:42:16 INFO [BaseServiceOption]: Skipped Test Case No. TC_33
14-11-2018 19:42:16 INFO [BaseServiceOption]: ------------------------------------------------------------------
14-11-2018 19:42:16 INFO [BaseServiceOption]: Skipped Test Case No. TC_34
14-11-2018 19:42:16 INFO [BaseServiceOption]: ------------------------------------------------------------------
14-11-2018 19:42:16 INFO [BaseServiceOption]: Skipped Test Case No. TC_35
14-11-2018 19:42:16 INFO [BaseServiceOption]: ------------------------------------------------------------------
14-11-2018 19:42:16 INFO [BaseServiceOption]: Skipped Test Case No. TC_36
14-11-2018 19:42:16 INFO [BaseServiceOption]: ------------------------------------------------------------------
14-11-2018 19:42:16 INFO [BaseServiceOption]: Skipped Test Case No. TC_37
14-11-2018 19:42:16 INFO [BaseServiceOption]: ------------------------------------------------------------------
14-11-2018 19:42:16 INFO [BaseServiceOption]: Skipped Test Case No. TC_39
14-11-2018 19:42:16 INFO [BaseServiceOption]: ------------------------------------------------------------------
14-11-2018 19:42:17 INFO [BaseServiceOption]: Skipped Test Case No. TC_40
14-11-2018 19:42:17 INFO [BaseServiceOption]: ------------------------------------------------------------------
14-11-2018 19:42:17 INFO [BaseServiceOption]: Skipped Test Case No. TC_41
14-11-2018 19:42:17 INFO [BaseServiceOption]: ------------------------------------------------------------------
14-11-2018 19:42:17 INFO [BaseServiceOption]: Skipped Test Case No. TC_42
14-11-2018 19:42:17 INFO [BaseServiceOption]: ------------------------------------------------------------------
14-11-2018 19:42:17 INFO [BaseServiceOption]: Skipped Test Case No. TC_43
14-11-2018 19:42:17 INFO [BaseServiceOption]: ------------------------------------------------------------------
14-11-2018 19:42:17 INFO [BaseServiceOption]: Skipped Test Case No. TC_44
14-11-2018 19:42:17 INFO [BaseServiceOption]: ------------------------------------------------------------------
14-11-2018 19:42:17 INFO [BaseServiceOption]: Skipped Test Case No. TC_45
14-11-2018 19:42:17 INFO [BaseServiceOption]: ------------------------------------------------------------------
14-11-2018 19:42:17 INFO [BaseServiceOption]: Skipped Test Case No. TC_46
14-11-2018 19:42:17 INFO [BaseServiceOption]: ------------------------------------------------------------------
14-11-2018 19:42:17 INFO [BaseServiceOption]: Skipped Test Case No. TC_48
14-11-2018 19:42:17 INFO [BaseServiceOption]: ------------------------------------------------------------------
14-11-2018 19:42:17 INFO [BaseServiceOption]: Skipped Test Case No. TC_49
14-11-2018 19:42:17 INFO [BaseServiceOption]: ------------------------------------------------------------------
14-11-2018 19:42:17 INFO [BaseServiceOption]: Skipped Test Case No. TC_50
14-11-2018 19:42:17 INFO [BaseServiceOption]: ------------------------------------------------------------------
14-11-2018 19:42:17 INFO [BaseServiceOption]: Skipped Test Case No. TC_51
14-11-2018 19:42:17 INFO [BaseServiceOption]: ------------------------------------------------------------------
14-11-2018 19:42:17 INFO [BaseServiceOption]: Skipped Test Case No. TC_52
14-11-2018 19:42:17 INFO [BaseServiceOption]: ------------------------------------------------------------------
14-11-2018 19:42:18 INFO [BaseServiceOption]: Skipped Test Case No. TC_53
14-11-2018 19:42:18 INFO [BaseServiceOption]: ------------------------------------------------------------------
14-11-2018 19:42:18 INFO [BaseServiceOption]: Skipped Test Case No. TC_54
14-11-2018 19:42:18 INFO [BaseServiceOption]: ------------------------------------------------------------------
14-11-2018 19:42:18 INFO [BaseServiceOption]: Skipped Test Case No. TC_55
14-11-2018 19:42:18 INFO [BaseServiceOption]: ------------------------------------------------------------------
14-11-2018 19:42:18 INFO [BaseServiceOption]: Skipped Test Case No. TC_56
14-11-2018 19:42:18 INFO [BaseServiceOption]: ------------------------------------------------------------------
14-11-2018 19:42:18 INFO [BaseServiceOption]: Skipped Test Case No. TC_57
14-11-2018 19:42:18 INFO [BaseServiceOption]: ------------------------------------------------------------------
14-11-2018 19:42:18 INFO [BaseServiceOption]: Skipped Test Case No. TC_58
14-11-2018 19:42:18 INFO [BaseServiceOption]: ------------------------------------------------------------------
14-11-2018 19:42:18 INFO [BaseServiceOption]: Skipped Test Case No. TC_59
14-11-2018 19:42:18 INFO [BaseServiceOption]: ------------------------------------------------------------------
14-11-2018 19:42:18 INFO [BaseServiceOption]: Skipped Test Case No. TC_60
14-11-2018 19:42:18 INFO [BaseServiceOption]: ------------------------------------------------------------------
14-11-2018 19:42:18 INFO [BaseServiceOption]: Skipped Test Case No. TC_61
14-11-2018 19:42:18 INFO [BaseServiceOption]: ------------------------------------------------------------------
14-11-2018 19:42:18 INFO [BaseServiceOption]: Skipped Test Case No. TC_62
14-11-2018 19:42:18 INFO [BaseServiceOption]: ------------------------------------------------------------------
14-11-2018 19:42:18 INFO [BaseServiceOption]: Skipped Test Case No. TC_63
14-11-2018 19:42:18 INFO [BaseServiceOption]: ------------------------------------------------------------------
14-11-2018 19:42:18 INFO [BaseServiceOption]: Skipped Test Case No. TC_64
14-11-2018 19:42:18 INFO [BaseServiceOption]: ------------------------------------------------------------------
14-11-2018 19:42:19 INFO [BaseServiceOption]: Skipped Test Case No. TC_65
14-11-2018 19:42:19 INFO [BaseServiceOption]: ------------------------------------------------------------------
14-11-2018 19:42:19 INFO [BaseServiceOption]: Skipped Test Case No. TC_66
14-11-2018 19:42:19 INFO [BaseServiceOption]: ------------------------------------------------------------------
14-11-2018 19:42:19 INFO [BaseServiceOption]: Skipped Test Case No. TC_67
14-11-2018 19:42:19 INFO [BaseServiceOption]: ------------------------------------------------------------------
14-11-2018 19:42:19 INFO [BaseServiceOption]: Skipped Test Case No. TC_68
14-11-2018 19:42:19 INFO [BaseServiceOption]: ------------------------------------------------------------------
14-11-2018 19:42:19 INFO [BaseServiceOption]: Skipped Test Case No. TC_69
14-11-2018 19:42:19 INFO [BaseServiceOption]: ------------------------------------------------------------------
14-11-2018 19:42:19 INFO [BaseServiceOption]: Skipped Test Case No. TC_70
14-11-2018 19:42:19 INFO [BaseServiceOption]: ------------------------------------------------------------------
14-11-2018 19:42:19 INFO [BaseServiceOption]: Skipped Test Case No. TC_71
14-11-2018 19:42:19 INFO [BaseServiceOption]: ------------------------------------------------------------------
14-11-2018 19:42:19 INFO [BaseServiceOption]: Skipped Test Case No. TC_72
14-11-2018 19:42:19 INFO [BaseServiceOption]: ------------------------------------------------------------------
14-11-2018 19:42:19 INFO [BaseServiceOption]: Skipped Test Case No. TC_73
14-11-2018 19:42:19 INFO [BaseServiceOption]: ------------------------------------------------------------------
14-11-2018 19:42:19 INFO [BaseServiceOption]: Skipped Test Case No. TC_74
14-11-2018 19:42:19 INFO [BaseServiceOption]: ------------------------------------------------------------------
14-11-2018 19:42:19 INFO [BaseServiceOption]: Skipped Test Case No. TC_75
14-11-2018 19:42:19 INFO [BaseServiceOption]: ------------------------------------------------------------------
14-11-2018 19:42:20 INFO [BaseServiceOption]: Skipped Test Case No. TC_76
14-11-2018 19:42:20 INFO [BaseServiceOption]: ------------------------------------------------------------------
14-11-2018 19:42:20 INFO [BaseServiceOption]: Skipped Test Case No. TC_77
14-11-2018 19:42:20 INFO [BaseServiceOption]: ------------------------------------------------------------------
14-11-2018 19:42:20 INFO [BaseServiceOption]: Skipped Test Case No. TC_78
14-11-2018 19:42:20 INFO [BaseServiceOption]: ------------------------------------------------------------------
14-11-2018 19:42:20 INFO [BaseServiceOption]: Skipped Test Case No. TC_79
14-11-2018 19:42:20 INFO [BaseServiceOption]: ------------------------------------------------------------------
14-11-2018 19:42:20 INFO [BaseServiceOption]: Skipped Test Case No. TC_80
14-11-2018 19:42:20 INFO [BaseServiceOption]: ------------------------------------------------------------------
14-11-2018 19:42:20 INFO [BaseServiceOption]: Skipped Test Case No. TC_81
14-11-2018 19:42:20 INFO [BaseServiceOption]: ------------------------------------------------------------------
14-11-2018 19:42:20 INFO [BaseServiceOption]: Skipped Test Case No. TC_82
14-11-2018 19:42:20 INFO [BaseServiceOption]: ------------------------------------------------------------------
14-11-2018 19:42:20 INFO [BaseServiceOption]: Skipped Test Case No. TC_47
14-11-2018 19:42:20 INFO [BaseServiceOption]: ------------------------------------------------------------------
14-11-2018 19:42:20 INFO [BaseServiceOption]: Skipped Test Case No. TC_84
14-11-2018 19:42:20 INFO [BaseServiceOption]: ------------------------------------------------------------------
14-11-2018 19:42:20 INFO [BaseServiceOption]: Skipped Test Case No. TC_85
14-11-2018 19:42:20 INFO [BaseServiceOption]: ------------------------------------------------------------------
14-11-2018 19:42:20 INFO [BaseServiceOption]: Skipped Test Case No. TC_86
14-11-2018 19:42:20 INFO [BaseServiceOption]: ------------------------------------------------------------------
14-11-2018 19:42:21 INFO [BaseServiceOption]: Skipped Test Case No. TC_87
14-11-2018 19:42:21 INFO [BaseServiceOption]: ------------------------------------------------------------------
14-11-2018 19:42:21 INFO [BaseServiceOption]: Skipped Test Case No. TC_88
14-11-2018 19:42:21 INFO [BaseServiceOption]: ------------------------------------------------------------------
14-11-2018 19:42:21 INFO [BaseServiceOption]: Skipped Test Case No. TC_89
14-11-2018 19:42:21 INFO [BaseServiceOption]: ------------------------------------------------------------------
14-11-2018 19:42:21 INFO [BaseServiceOption]: Skipped Test Case No. TC_90
14-11-2018 19:42:21 INFO [BaseServiceOption]: ------------------------------------------------------------------
14-11-2018 19:42:21 INFO [BaseServiceOption]: Skipped Test Case No. TC_91
14-11-2018 19:42:21 INFO [BaseServiceOption]: ------------------------------------------------------------------
14-11-2018 19:42:21 INFO [BaseServiceOption]: Skipped Test Case No. TC_92
14-11-2018 19:42:21 INFO [BaseServiceOption]: ------------------------------------------------------------------
14-11-2018 19:42:21 INFO [BaseServiceOption]: Skipped Test Case No. TC_93
14-11-2018 19:42:21 INFO [BaseServiceOption]: ------------------------------------------------------------------
14-11-2018 19:42:21 INFO [BaseServiceOption]: Skipped Test Case No. TC_94
14-11-2018 19:42:21 INFO [BaseServiceOption]: ------------------------------------------------------------------
14-11-2018 19:42:21 INFO [BaseServiceOption]: Skipped Test Case No. TC_95
14-11-2018 19:42:21 INFO [BaseServiceOption]: ------------------------------------------------------------------
14-11-2018 19:42:21 INFO [BaseServiceOption]: Skipped Test Case No. TC_96
14-11-2018 19:42:21 INFO [BaseServiceOption]: ------------------------------------------------------------------
14-11-2018 19:42:22 INFO [BaseServiceOption]: Skipped Test Case No. TC_97
14-11-2018 19:42:22 INFO [BaseServiceOption]: ------------------------------------------------------------------
14-11-2018 19:42:22 INFO [BaseServiceOption]: Skipped Test Case No. TC_98
14-11-2018 19:42:22 INFO [BaseServiceOption]: ------------------------------------------------------------------
14-11-2018 19:42:22 INFO [BaseServiceOption]: Skipped Test Case No. TC_99
14-11-2018 19:42:22 INFO [BaseServiceOption]: ------------------------------------------------------------------
14-11-2018 19:42:22 INFO [BasePackagingType]: Executing Test Case: TC_01
14-11-2018 19:42:22 INFO [BaseService]: Executing Test Case: TC_01
14-11-2018 19:42:36 INFO [BasePackagingType]: Execution is completed for Test Case No.TC_01
14-11-2018 19:42:36 INFO [BasePackagingType]: ------------------------------------------------------------------
14-11-2018 19:42:36 INFO [BaseService]: Skipped Test Case No. TC_02
14-11-2018 19:42:36 INFO [BaseService]: ------------------------------------------------------------------
14-11-2018 19:42:36 INFO [BasePackagingType]: Skipped Test Case No. TC_02
14-11-2018 19:42:36 INFO [BasePackagingType]: ------------------------------------------------------------------
14-11-2018 19:42:36 INFO [BasePackagingType]: Skipped Test Case No. TC_03
14-11-2018 19:42:36 INFO [BasePackagingType]: ------------------------------------------------------------------
14-11-2018 19:42:36 INFO [BaseService]: Skipped Test Case No. TC_03
14-11-2018 19:42:36 INFO [BaseService]: ------------------------------------------------------------------
14-11-2018 19:42:36 INFO [BasePackagingType]: Skipped Test Case No. TC_04
14-11-2018 19:42:36 INFO [BasePackagingType]: ------------------------------------------------------------------
14-11-2018 19:42:36 INFO [BaseService]: Skipped Test Case No. TC_04
14-11-2018 19:42:36 INFO [BaseService]: ------------------------------------------------------------------
14-11-2018 19:42:36 INFO [BaseService]: Skipped Test Case No. TC_05
14-11-2018 19:42:36 INFO [BaseService]: ------------------------------------------------------------------
14-11-2018 19:42:36 INFO [BasePackagingType]: Executing TestCase: TC_05
14-11-2018 19:42:37 INFO [BasePackagingType]: Execution is completed for Test Case No.TC_05
14-11-2018 19:42:37 INFO [BasePackagingType]: ------------------------------------------------------------------
14-11-2018 19:42:37 INFO [BaseService]: Skipped Test Case No. TC_06
14-11-2018 19:42:37 INFO [BaseService]: ------------------------------------------------------------------
14-11-2018 19:42:37 INFO [BasePackagingType]: Skipped Test Case No. TC_06
14-11-2018 19:42:37 INFO [BasePackagingType]: ------------------------------------------------------------------
14-11-2018 19:42:37 INFO [BasePackagingType]: Skipped Test Case No. TC_07
14-11-2018 19:42:37 INFO [BasePackagingType]: ------------------------------------------------------------------
14-11-2018 19:42:37 INFO [BaseService]: Skipped Test Case No. TC_07
14-11-2018 19:42:37 INFO [BaseService]: ------------------------------------------------------------------
14-11-2018 19:42:37 INFO [BasePackagingType]: Skipped Test Case No. TC_08
14-11-2018 19:42:37 INFO [BasePackagingType]: ------------------------------------------------------------------
14-11-2018 19:42:37 INFO [BaseService]: Skipped Test Case No. TC_08
14-11-2018 19:42:37 INFO [BaseService]: ------------------------------------------------------------------
14-11-2018 19:42:37 INFO [BasePackagingType]: Skipped Test Case No. TC_09
14-11-2018 19:42:37 INFO [BasePackagingType]: ------------------------------------------------------------------
14-11-2018 19:42:37 INFO [BaseService]: Skipped Test Case No. TC_09
14-11-2018 19:42:37 INFO [BaseService]: ------------------------------------------------------------------
14-11-2018 19:42:38 INFO [BaseService]: Skipped Test Case No. TC_10
14-11-2018 19:42:38 INFO [BaseService]: ------------------------------------------------------------------
14-11-2018 19:42:38 INFO [BasePackagingType]: Skipped Test Case No. TC_10
14-11-2018 19:42:38 INFO [BasePackagingType]: ------------------------------------------------------------------
14-11-2018 19:42:38 INFO [BaseService]: Skipped Test Case No. TC_11
14-11-2018 19:42:38 INFO [BaseService]: ------------------------------------------------------------------
14-11-2018 19:42:38 INFO [BasePackagingType]: Skipped Test Case No. TC_11
14-11-2018 19:42:38 INFO [BasePackagingType]: ------------------------------------------------------------------
14-11-2018 19:42:38 INFO [BasePackagingType]: Skipped Test Case No. TC_12
14-11-2018 19:42:38 INFO [BasePackagingType]: ------------------------------------------------------------------
14-11-2018 19:42:38 INFO [BaseService]: Skipped Test Case No. TC_12
14-11-2018 19:42:38 INFO [BaseService]: ------------------------------------------------------------------
14-11-2018 19:42:38 INFO [BasePackagingType]: Skipped Test Case No. TC_13
14-11-2018 19:42:38 INFO [BasePackagingType]: ------------------------------------------------------------------
14-11-2018 19:42:38 INFO [BaseService]: Skipped Test Case No. TC_13
14-11-2018 19:42:38 INFO [BaseService]: ------------------------------------------------------------------
14-11-2018 19:42:38 INFO [BasePackagingType]: Skipped Test Case No. TC_14
14-11-2018 19:42:38 INFO [BaseService]: Skipped Test Case No. TC_14
14-11-2018 19:42:38 INFO [BaseService]: ------------------------------------------------------------------
14-11-2018 19:42:38 INFO [BasePackagingType]: ------------------------------------------------------------------
14-11-2018 19:42:38 INFO [BaseService]: Skipped Test Case No. TC_15
14-11-2018 19:42:38 INFO [BasePackagingType]: Skipped Test Case No. TC_15
14-11-2018 19:42:38 INFO [BasePackagingType]: ------------------------------------------------------------------
14-11-2018 19:42:38 INFO [BaseService]: ------------------------------------------------------------------
14-11-2018 19:42:39 INFO [BaseService]: Skipped Test Case No. TC_16
14-11-2018 19:42:39 INFO [BaseService]: ------------------------------------------------------------------
14-11-2018 19:42:39 INFO [BasePackagingType]: Skipped Test Case No. TC_16
14-11-2018 19:42:39 INFO [BasePackagingType]: ------------------------------------------------------------------
14-11-2018 19:42:39 INFO [BaseService]: Skipped Test Case No. TC_17
14-11-2018 19:42:39 INFO [BasePackagingType]: Skipped Test Case No. TC_17
14-11-2018 19:42:39 INFO [BasePackagingType]: ------------------------------------------------------------------
14-11-2018 19:42:39 INFO [BaseService]: ------------------------------------------------------------------
14-11-2018 19:42:39 INFO [BasePackagingType]: Skipped Test Case No. TC_18
14-11-2018 19:42:39 INFO [BasePackagingType]: ------------------------------------------------------------------
14-11-2018 19:42:39 INFO [BaseService]: Skipped Test Case No. TC_18
14-11-2018 19:42:39 INFO [BaseService]: ------------------------------------------------------------------
14-11-2018 19:42:39 INFO [BasePackagingType]: Skipped Test Case No. TC_19
14-11-2018 19:42:39 INFO [BasePackagingType]: ------------------------------------------------------------------
14-11-2018 19:42:39 INFO [BaseService]: Skipped Test Case No. TC_19
14-11-2018 19:42:39 INFO [BaseService]: ------------------------------------------------------------------
14-11-2018 19:42:39 INFO [BasePackagingType]: Skipped Test Case No. TC_20
14-11-2018 19:42:39 INFO [BasePackagingType]: ------------------------------------------------------------------
14-11-2018 19:42:39 INFO [BaseService]: Skipped Test Case No. TC_20
14-11-2018 19:42:39 INFO [BaseService]: ------------------------------------------------------------------
14-11-2018 19:42:39 INFO [BasePackagingType]: Skipped Test Case No. TC_21
14-11-2018 19:42:39 INFO [BasePackagingType]: ------------------------------------------------------------------
14-11-2018 19:42:39 INFO [BaseService]: Skipped Test Case No. TC_21
14-11-2018 19:42:39 INFO [BaseService]: ------------------------------------------------------------------
14-11-2018 19:42:40 INFO [BasePackagingType]: Skipped Test Case No. TC_22
14-11-2018 19:42:40 INFO [BaseService]: Skipped Test Case No. TC_22
14-11-2018 19:42:40 INFO [BaseService]: ------------------------------------------------------------------
14-11-2018 19:42:40 INFO [BasePackagingType]: ------------------------------------------------------------------
14-11-2018 19:42:40 INFO [BaseService]: Skipped Test Case No. TC_23
14-11-2018 19:42:40 INFO [BaseService]: ------------------------------------------------------------------
14-11-2018 19:42:40 INFO [BasePackagingType]: Skipped Test Case No. TC_23
14-11-2018 19:42:40 INFO [BasePackagingType]: ------------------------------------------------------------------
14-11-2018 19:42:40 INFO [BasePackagingType]: Skipped Test Case No. TC_24
14-11-2018 19:42:40 INFO [BasePackagingType]: ------------------------------------------------------------------
14-11-2018 19:42:40 INFO [BaseService]: Skipped Test Case No. TC_24
14-11-2018 19:42:40 INFO [BaseService]: ------------------------------------------------------------------
14-11-2018 19:42:40 INFO [BaseService]: Skipped Test Case No. TC_25
14-11-2018 19:42:40 INFO [BaseService]: ------------------------------------------------------------------
14-11-2018 19:42:40 INFO [BasePackagingType]: Skipped Test Case No. TC_25
14-11-2018 19:42:40 INFO [BasePackagingType]: ------------------------------------------------------------------
14-11-2018 19:42:40 INFO [BasePackagingType]: Skipped Test Case No. TC_26
14-11-2018 19:42:40 INFO [BaseService]: Skipped Test Case No. TC_26
14-11-2018 19:42:40 INFO [BaseService]: ------------------------------------------------------------------
14-11-2018 19:42:40 INFO [BasePackagingType]: ------------------------------------------------------------------
14-11-2018 19:42:40 INFO [BasePackagingType]: Skipped Test Case No. TC_27
14-11-2018 19:42:40 INFO [BaseService]: Skipped Test Case No. TC_27
14-11-2018 19:42:41 INFO [BasePackagingType]: ------------------------------------------------------------------
14-11-2018 19:42:41 INFO [BaseService]: ------------------------------------------------------------------
14-11-2018 19:42:41 INFO [BaseService]: Skipped Test Case No. TC_28
14-11-2018 19:42:41 INFO [BaseService]: ------------------------------------------------------------------
14-11-2018 19:42:41 INFO [BasePackagingType]: Skipped Test Case No. TC_28
14-11-2018 19:42:41 INFO [BasePackagingType]: ------------------------------------------------------------------
14-11-2018 19:42:41 INFO [BasePackagingType]: Skipped Test Case No. TC_29
14-11-2018 19:42:41 INFO [BasePackagingType]: ------------------------------------------------------------------
14-11-2018 19:42:41 INFO [BaseService]: Skipped Test Case No. TC_29
14-11-2018 19:42:41 INFO [BaseService]: ------------------------------------------------------------------
14-11-2018 19:42:41 INFO [BaseService]: Skipped Test Case No. TC_30
14-11-2018 19:42:41 INFO [BaseService]: ------------------------------------------------------------------
14-11-2018 19:42:41 INFO [BasePackagingType]: Skipped Test Case No. TC_30
14-11-2018 19:42:41 INFO [BasePackagingType]: ------------------------------------------------------------------
14-11-2018 19:42:41 INFO [BasePackagingType]: Skipped Test Case No. TC_31
14-11-2018 19:42:41 INFO [BasePackagingType]: ------------------------------------------------------------------
14-11-2018 19:42:41 INFO [BaseService]: Skipped Test Case No. TC_31
14-11-2018 19:42:41 INFO [BaseService]: ------------------------------------------------------------------
14-11-2018 19:42:41 INFO [BaseService]: Skipped Test Case No. TC_32
14-11-2018 19:42:41 INFO [BasePackagingType]: Skipped Test Case No. TC_32
14-11-2018 19:42:41 INFO [BaseService]: ------------------------------------------------------------------
14-11-2018 19:42:41 INFO [BasePackagingType]: ------------------------------------------------------------------
14-11-2018 19:42:41 INFO [BasePackagingType]: Skipped Test Case No. TC_33
14-11-2018 19:42:41 INFO [BasePackagingType]: ------------------------------------------------------------------
14-11-2018 19:42:41 INFO [BaseService]: Skipped Test Case No. TC_33
14-11-2018 19:42:41 INFO [BaseService]: ------------------------------------------------------------------
14-11-2018 19:42:42 INFO [BaseService]: Skipped Test Case No. TC_34
14-11-2018 19:42:42 INFO [BasePackagingType]: Skipped Test Case No. TC_34
14-11-2018 19:42:42 INFO [BasePackagingType]: ------------------------------------------------------------------
14-11-2018 19:42:42 INFO [BaseService]: ------------------------------------------------------------------
14-11-2018 19:42:42 INFO [BasePackagingType]: Skipped Test Case No. TC_35
14-11-2018 19:42:43 INFO [BaseService]: Skipped Test Case No. TC_35
14-11-2018 19:42:43 INFO [BaseService]: ------------------------------------------------------------------
14-11-2018 19:42:43 INFO [BasePackagingType]: ------------------------------------------------------------------
14-11-2018 19:42:43 INFO [BaseService]: Skipped Test Case No. TC_36
14-11-2018 19:42:43 INFO [BaseService]: ------------------------------------------------------------------
14-11-2018 19:42:43 INFO [BasePackagingType]: Skipped Test Case No. TC_36
14-11-2018 19:42:43 INFO [BasePackagingType]: ------------------------------------------------------------------
14-11-2018 19:42:43 INFO [BasePackagingType]: Skipped Test Case No. TC_37
14-11-2018 19:42:43 INFO [BasePackagingType]: ------------------------------------------------------------------
14-11-2018 19:42:43 INFO [BaseService]: Skipped Test Case No. TC_37
14-11-2018 19:42:43 INFO [BaseService]: ------------------------------------------------------------------
14-11-2018 19:42:43 INFO [BaseService]: Skipped Test Case No. TC_38
14-11-2018 19:42:43 INFO [BasePackagingType]: Skipped Test Case No. TC_38
14-11-2018 19:42:43 INFO [BasePackagingType]: ------------------------------------------------------------------
14-11-2018 19:42:43 INFO [BaseService]: ------------------------------------------------------------------
14-11-2018 19:42:43 INFO [BasePackagingType]: Skipped Test Case No. TC_39
14-11-2018 19:42:43 INFO [BasePackagingType]: ------------------------------------------------------------------
14-11-2018 19:42:43 INFO [BaseService]: Skipped Test Case No. TC_39
14-11-2018 19:42:43 INFO [BaseService]: ------------------------------------------------------------------
14-11-2018 19:42:43 INFO [BasePackagingType]: Skipped Test Case No. TC_40
14-11-2018 19:42:43 INFO [BasePackagingType]: ------------------------------------------------------------------
14-11-2018 19:42:43 INFO [BaseService]: Skipped Test Case No. TC_40
14-11-2018 19:42:43 INFO [BaseService]: ------------------------------------------------------------------
14-11-2018 19:42:43 INFO [BaseService]: Skipped Test Case No. TC_41
14-11-2018 19:42:44 INFO [BaseService]: ------------------------------------------------------------------
14-11-2018 19:42:43 INFO [BasePackagingType]: Skipped Test Case No. TC_41
14-11-2018 19:42:44 INFO [BasePackagingType]: ------------------------------------------------------------------
14-11-2018 19:42:44 INFO [BaseService]: Skipped Test Case No. TC_42
14-11-2018 19:42:44 INFO [BaseService]: ------------------------------------------------------------------
14-11-2018 19:42:44 INFO [BasePackagingType]: Skipped Test Case No. TC_42
14-11-2018 19:42:44 INFO [BasePackagingType]: ------------------------------------------------------------------
14-11-2018 19:42:44 INFO [BasePackagingType]: Skipped Test Case No. TC_43
14-11-2018 19:42:44 INFO [BasePackagingType]: ------------------------------------------------------------------
14-11-2018 19:42:44 INFO [BaseService]: Skipped Test Case No. TC_43
14-11-2018 19:42:44 INFO [BaseService]: ------------------------------------------------------------------
14-11-2018 19:42:44 INFO [BaseService]: Skipped Test Case No. TC_44
14-11-2018 19:42:44 INFO [BaseService]: ------------------------------------------------------------------
14-11-2018 19:42:44 INFO [BasePackagingType]: Skipped Test Case No. TC_44
14-11-2018 19:42:44 INFO [BasePackagingType]: ------------------------------------------------------------------
14-11-2018 19:42:44 INFO [BasePackagingType]: Skipped Test Case No. TC_45
14-11-2018 19:42:44 INFO [BaseService]: Skipped Test Case No. TC_45
14-11-2018 19:42:44 INFO [BasePackagingType]: ------------------------------------------------------------------
14-11-2018 19:42:44 INFO [BaseService]: ------------------------------------------------------------------
14-11-2018 19:42:44 INFO [BasePackagingType]: Skipped Test Case No. TC_46
14-11-2018 19:42:44 INFO [BaseService]: Skipped Test Case No. TC_46
14-11-2018 19:42:44 INFO [BaseService]: ------------------------------------------------------------------
14-11-2018 19:42:44 INFO [BasePackagingType]: ------------------------------------------------------------------
14-11-2018 19:42:44 INFO [BaseService]: Skipped Test Case No. TC_47
14-11-2018 19:42:44 INFO [BaseService]: ------------------------------------------------------------------
14-11-2018 19:42:44 INFO [BasePackagingType]: Skipped Test Case No. TC_47
14-11-2018 19:42:44 INFO [BasePackagingType]: ------------------------------------------------------------------
14-11-2018 19:42:45 INFO [BasePackagingType]: Skipped Test Case No. TC_48
14-11-2018 19:42:45 INFO [BasePackagingType]: ------------------------------------------------------------------
14-11-2018 19:42:45 INFO [BaseService]: Skipped Test Case No. TC_48
14-11-2018 19:42:45 INFO [BaseService]: ------------------------------------------------------------------
14-11-2018 19:42:45 INFO [BasePackagingType]: Skipped Test Case No. TC_49
14-11-2018 19:42:45 INFO [BaseService]: Skipped Test Case No. TC_49
14-11-2018 19:42:45 INFO [BasePackagingType]: ------------------------------------------------------------------
14-11-2018 19:42:45 INFO [BaseService]: ------------------------------------------------------------------
14-11-2018 19:42:45 INFO [BaseService]: Skipped Test Case No. TC_50
14-11-2018 19:42:45 INFO [BaseService]: ------------------------------------------------------------------
14-11-2018 19:42:45 INFO [BasePackagingType]: Skipped Test Case No. TC_50
14-11-2018 19:42:45 INFO [BasePackagingType]: ------------------------------------------------------------------
14-11-2018 19:42:45 INFO [BaseService]: Skipped Test Case No. TC_51
14-11-2018 19:42:45 INFO [BasePackagingType]: Skipped Test Case No. TC_51
14-11-2018 19:42:45 INFO [BaseService]: ------------------------------------------------------------------
14-11-2018 19:42:45 INFO [BasePackagingType]: ------------------------------------------------------------------
14-11-2018 19:42:45 INFO [BasePackagingType]: Skipped Test Case No. TC_52
14-11-2018 19:42:45 INFO [BasePackagingType]: ------------------------------------------------------------------
14-11-2018 19:42:45 INFO [BaseService]: Skipped Test Case No. TC_52
14-11-2018 19:42:45 INFO [BaseService]: ------------------------------------------------------------------
14-11-2018 19:42:45 INFO [BaseService]: Skipped Test Case No. TC_53
14-11-2018 19:42:45 INFO [BaseService]: ------------------------------------------------------------------
14-11-2018 19:42:45 INFO [BasePackagingType]: Skipped Test Case No. TC_53
14-11-2018 19:42:45 INFO [BasePackagingType]: ------------------------------------------------------------------
14-11-2018 19:42:45 INFO [BasePackagingType]: Skipped Test Case No. TC_54
14-11-2018 19:42:45 INFO [BaseService]: Skipped Test Case No. TC_54
14-11-2018 19:42:45 INFO [BaseService]: ------------------------------------------------------------------
14-11-2018 19:42:45 INFO [BasePackagingType]: ------------------------------------------------------------------
14-11-2018 19:42:45 INFO [BaseService]: Skipped Test Case No. TC_55
14-11-2018 19:42:45 INFO [BaseService]: ------------------------------------------------------------------
14-11-2018 19:42:46 INFO [BasePackagingType]: Skipped Test Case No. TC_55
14-11-2018 19:42:46 INFO [BasePackagingType]: ------------------------------------------------------------------
14-11-2018 19:42:46 INFO [BasePackagingType]: Skipped Test Case No. TC_56
14-11-2018 19:42:46 INFO [BasePackagingType]: ------------------------------------------------------------------
14-11-2018 19:42:46 INFO [BaseService]: Skipped Test Case No. TC_56
14-11-2018 19:42:46 INFO [BaseService]: ------------------------------------------------------------------
14-11-2018 19:42:46 INFO [BasePackagingType]: Skipped Test Case No. TC_57
14-11-2018 19:42:46 INFO [BasePackagingType]: ------------------------------------------------------------------
14-11-2018 19:42:46 INFO [BaseService]: Skipped Test Case No. TC_57
14-11-2018 19:42:46 INFO [BaseService]: ------------------------------------------------------------------
14-11-2018 19:42:46 INFO [BaseService]: Skipped Test Case No. TC_58
14-11-2018 19:42:46 INFO [BaseService]: ------------------------------------------------------------------
14-11-2018 19:42:46 INFO [BasePackagingType]: Skipped Test Case No. TC_58
14-11-2018 19:42:46 INFO [BasePackagingType]: ------------------------------------------------------------------
14-11-2018 19:42:46 INFO [BaseService]: Skipped Test Case No. TC_59
14-11-2018 19:42:46 INFO [BasePackagingType]: Skipped Test Case No. TC_59
14-11-2018 19:42:46 INFO [BasePackagingType]: ------------------------------------------------------------------
14-11-2018 19:42:46 INFO [BaseService]: ------------------------------------------------------------------
14-11-2018 19:42:46 INFO [BasePackagingType]: Skipped Test Case No. TC_60
14-11-2018 19:42:46 INFO [BasePackagingType]: ------------------------------------------------------------------
14-11-2018 19:42:46 INFO [BaseService]: Skipped Test Case No. TC_60
14-11-2018 19:42:46 INFO [BaseService]: ------------------------------------------------------------------
14-11-2018 19:42:46 INFO [BasePackagingType]: Skipped Test Case No. TC_61
14-11-2018 19:42:46 INFO [BasePackagingType]: ------------------------------------------------------------------
14-11-2018 19:42:46 INFO [BaseService]: Skipped Test Case No. TC_61
14-11-2018 19:42:46 INFO [BaseService]: ------------------------------------------------------------------
14-11-2018 19:42:46 INFO [BaseService]: Skipped Test Case No. TC_62
14-11-2018 19:42:46 INFO [BaseService]: ------------------------------------------------------------------
14-11-2018 19:42:46 INFO [BaseService]: Skipped Test Case No. TC_63
14-11-2018 19:42:46 INFO [BaseService]: ------------------------------------------------------------------
14-11-2018 19:42:46 INFO [BaseService]: Skipped Test Case No. TC_64
14-11-2018 19:42:46 INFO [BaseService]: ------------------------------------------------------------------
14-11-2018 19:42:46 INFO [BaseService]: Skipped Test Case No. TC_65
14-11-2018 19:42:46 INFO [BaseService]: ------------------------------------------------------------------
14-11-2018 19:42:47 INFO [BaseService]: Skipped Test Case No. TC_66
14-11-2018 19:42:47 INFO [BaseService]: ------------------------------------------------------------------
14-11-2018 19:42:47 INFO [BaseService]: Skipped Test Case No. TC_67
14-11-2018 19:42:47 INFO [BaseService]: ------------------------------------------------------------------
14-11-2018 19:42:47 INFO [BaseService]: Skipped Test Case No. TC_68
14-11-2018 19:42:47 INFO [BaseService]: ------------------------------------------------------------------
14-11-2018 19:42:47 INFO [BaseService]: Skipped Test Case No. TC_69
14-11-2018 19:42:47 INFO [BaseService]: ------------------------------------------------------------------
14-11-2018 19:42:47 INFO [BaseService]: Skipped Test Case No. TC_70
14-11-2018 19:42:47 INFO [BaseService]: ------------------------------------------------------------------
14-11-2018 19:42:47 INFO [BaseService]: Skipped Test Case No. TC_71
14-11-2018 19:42:47 INFO [BaseService]: ------------------------------------------------------------------
14-11-2018 19:42:47 INFO [BaseService]: Skipped Test Case No. TC_73
14-11-2018 19:42:47 INFO [BaseService]: ------------------------------------------------------------------
14-11-2018 19:42:47 INFO [BaseService]: Skipped Test Case No. TC_73
14-11-2018 19:42:47 INFO [BaseService]: ------------------------------------------------------------------
14-11-2018 19:42:47 INFO [BaseService]: Skipped Test Case No. TC_74
14-11-2018 19:42:47 INFO [BaseService]: ------------------------------------------------------------------
14-11-2018 19:42:47 INFO [BaseService]: Skipped Test Case No. TC_75
14-11-2018 19:42:47 INFO [BaseService]: ------------------------------------------------------------------
14-11-2018 19:42:48 INFO [BaseService]: Skipped Test Case No. TC_76
14-11-2018 19:42:48 INFO [BaseService]: ------------------------------------------------------------------
14-11-2018 19:42:48 INFO [BaseService]: Skipped Test Case No. TC_77
14-11-2018 19:42:48 INFO [BaseService]: ------------------------------------------------------------------
14-11-2018 19:42:48 INFO [BaseService]: Skipped Test Case No. TC_78
14-11-2018 19:42:48 INFO [BaseService]: ------------------------------------------------------------------
14-11-2018 19:42:48 INFO [BaseService]: Skipped Test Case No. TC_79
14-11-2018 19:42:48 INFO [BaseService]: ------------------------------------------------------------------
14-11-2018 19:42:48 INFO [BaseService]: Skipped Test Case No. TC_80
14-11-2018 19:42:48 INFO [BaseService]: ------------------------------------------------------------------
14-11-2018 19:42:48 INFO [BaseService]: Skipped Test Case No. TC_81
14-11-2018 19:42:48 INFO [BaseService]: ------------------------------------------------------------------
14-11-2018 19:42:48 INFO [BaseService]: Skipped Test Case No. TC_82
14-11-2018 19:42:48 INFO [BaseService]: ------------------------------------------------------------------
14-11-2018 19:42:48 INFO [BaseService]: Skipped Test Case No. TC_83
14-11-2018 19:42:48 INFO [BaseService]: ------------------------------------------------------------------
14-11-2018 19:42:48 INFO [BaseService]: Skipped Test Case No. TC_84
14-11-2018 19:42:48 INFO [BaseService]: ------------------------------------------------------------------
14-11-2018 19:42:49 INFO [BaseService]: Skipped Test Case No. TC_85
14-11-2018 19:42:49 INFO [BaseService]: ------------------------------------------------------------------
14-11-2018 19:42:49 INFO [BaseService]: Skipped Test Case No. TC_86
14-11-2018 19:42:49 INFO [BaseService]: ------------------------------------------------------------------
14-11-2018 19:42:49 INFO [BaseService]: Skipped Test Case No. TC_87
14-11-2018 19:42:49 INFO [BaseService]: ------------------------------------------------------------------
14-11-2018 19:42:49 INFO [BaseService]: Skipped Test Case No. TC_88
14-11-2018 19:42:49 INFO [BaseService]: ------------------------------------------------------------------
14-11-2018 19:42:49 INFO [BaseService]: Skipped Test Case No. TC_89
14-11-2018 19:42:49 INFO [BaseService]: ------------------------------------------------------------------
14-11-2018 19:42:49 INFO [BaseService]: Skipped Test Case No. TC_90
14-11-2018 19:42:49 INFO [BaseService]: ------------------------------------------------------------------
14-11-2018 19:42:49 INFO [BaseService]: Skipped Test Case No. TC_91
14-11-2018 19:42:49 INFO [BaseService]: ------------------------------------------------------------------
14-11-2018 19:42:49 INFO [BaseService]: Skipped Test Case No. TC_92
14-11-2018 19:42:49 INFO [BaseService]: ------------------------------------------------------------------
14-11-2018 19:42:49 INFO [BaseService]: Skipped Test Case No. TC_93
14-11-2018 19:42:49 INFO [BaseService]: ------------------------------------------------------------------
14-11-2018 19:42:49 INFO [BaseService]: Skipped Test Case No. TC_94
14-11-2018 19:42:49 INFO [BaseService]: ------------------------------------------------------------------
14-11-2018 19:42:49 INFO [BaseService]: Skipped Test Case No. TC_95
14-11-2018 19:42:49 INFO [BaseService]: ------------------------------------------------------------------
14-11-2018 19:42:49 INFO [BaseService]: Skipped Test Case No. TC_96
14-11-2018 19:42:49 INFO [BaseService]: ------------------------------------------------------------------
14-11-2018 19:42:50 INFO [BaseService]: Skipped Test Case No. TC_97
14-11-2018 19:42:50 INFO [BaseService]: ------------------------------------------------------------------
14-11-2018 19:42:50 INFO [BaseService]: Skipped Test Case No. TC_98
14-11-2018 19:42:50 INFO [BaseService]: ------------------------------------------------------------------
14-11-2018 19:42:50 INFO [BaseService]: Skipped Test Case No. TC_99
14-11-2018 19:42:50 INFO [BaseService]: ------------------------------------------------------------------
14-11-2018 19:42:50 INFO [BaseService]: Skipped Test Case No. TC_100
14-11-2018 19:42:50 INFO [BaseService]: ------------------------------------------------------------------
14-11-2018 19:42:50 INFO [BaseService]: Executing Test Case: TC_101
14-11-2018 19:42:50 INFO [BaseService]: Skipped Test Case No. TC_102
14-11-2018 19:42:50 INFO [BaseService]: ------------------------------------------------------------------
14-11-2018 19:42:50 INFO [BaseService]: Skipped Test Case No. TC_103
14-11-2018 19:42:50 INFO [BaseService]: ------------------------------------------------------------------
14-11-2018 19:42:50 INFO [BaseService]: Skipped Test Case No. TC_104
14-11-2018 19:42:50 INFO [BaseService]: ------------------------------------------------------------------
14-11-2018 19:42:51 INFO [BaseService]: Skipped Test Case No. TC_105
14-11-2018 19:42:51 INFO [BaseService]: ------------------------------------------------------------------
14-11-2018 19:42:51 INFO [BaseService]: Skipped Test Case No. TC_106
14-11-2018 19:42:51 INFO [BaseService]: ------------------------------------------------------------------
14-11-2018 19:42:51 INFO [BaseService]: Skipped Test Case No. TC_107
14-11-2018 19:42:51 INFO [BaseService]: ------------------------------------------------------------------
14-11-2018 19:42:51 INFO [BaseService]: Skipped Test Case No. TC_108
14-11-2018 19:42:51 INFO [BaseService]: ------------------------------------------------------------------
14-11-2018 19:42:51 INFO [BaseService]: Skipped Test Case No. TC_109
14-11-2018 19:42:51 INFO [BaseService]: ------------------------------------------------------------------
14-11-2018 19:42:51 INFO [BaseService]: Skipped Test Case No. TC_110
14-11-2018 19:42:51 INFO [BaseService]: ------------------------------------------------------------------
14-11-2018 19:42:51 INFO [BaseService]: Skipped Test Case No. TC_111
14-11-2018 19:42:51 INFO [BaseService]: ------------------------------------------------------------------
14-11-2018 19:42:51 INFO [BaseService]: Skipped Test Case No. TC_112
14-11-2018 19:42:51 INFO [BaseService]: ------------------------------------------------------------------
14-11-2018 19:42:51 INFO [BaseService]: Skipped Test Case No. TC_113
14-11-2018 19:42:51 INFO [BaseService]: ------------------------------------------------------------------
14-11-2018 19:42:51 INFO [BaseService]: Skipped Test Case No. TC_114
14-11-2018 19:42:51 INFO [BaseService]: ------------------------------------------------------------------
14-11-2018 19:42:51 INFO [BaseService]: Skipped Test Case No. TC_115
14-11-2018 19:42:51 INFO [BaseService]: ------------------------------------------------------------------
14-11-2018 19:42:52 INFO [BaseService]: Skipped Test Case No. TC_116
14-11-2018 19:42:52 INFO [BaseService]: ------------------------------------------------------------------
14-11-2018 19:43:23 INFO [Mailer]: Screenshot Captured
14-11-2018 19:43:25 INFO [Mailer]: Sending Mail for WS:BasePackagingType
14-11-2018 19:43:34 INFO [Mailer]: Mail Sent Succesfully
14-11-2018 19:44:02 INFO [Mailer]: Screenshot Captured
14-11-2018 19:44:03 INFO [Mailer]: Sending Mail for WS:BaseService
14-11-2018 19:44:15 INFO [Mailer]: Mail Sent Succesfully
14-11-2018 19:44:46 INFO [Mailer]: Screenshot Captured
14-11-2018 19:44:48 INFO [Mailer]: Sending Mail for WS:BaseServiceOption
14-11-2018 19:44:56 INFO [Mailer]: Mail Sent Succesfully
14-11-2018 19:44:56 INFO [Conflicts]: Executing Test Case: TC_01
14-11-2018 19:46:44 INFO [Conflicts]: Execution is completed for Test Case No.TC_01
14-11-2018 19:46:44 INFO [Conflicts]: ------------------------------------------------------------------
14-11-2018 19:46:44 INFO [Conflicts]: Skipped Test Case No. TC_02
14-11-2018 19:46:44 INFO [Conflicts]: ------------------------------------------------------------------
14-11-2018 19:46:44 INFO [Conflicts]: Executing Test Case: TC_03
14-11-2018 19:47:03 INFO [Conflicts]: Execution is completed for Test Case No.TC_03
14-11-2018 19:47:04 INFO [Conflicts]: ------------------------------------------------------------------
14-11-2018 19:47:04 INFO [Conflicts]: Executing Test Case: TC_04
14-11-2018 19:47:11 INFO [Conflicts]: Execution is completed for Test Case No.TC_04
14-11-2018 19:47:11 INFO [Conflicts]: ------------------------------------------------------------------
14-11-2018 19:47:12 INFO [Conflicts]: Skipped Test Case No. TC_05
14-11-2018 19:47:12 INFO [Conflicts]: ------------------------------------------------------------------
14-11-2018 19:47:12 INFO [Conflicts]: Skipped Test Case No. TC_06
14-11-2018 19:47:12 INFO [Conflicts]: ------------------------------------------------------------------
14-11-2018 19:47:12 INFO [Conflicts]: Executing Test Case: TC_07
14-11-2018 19:47:42 INFO [Conflicts]: Execution is completed for Test Case No.TC_07
14-11-2018 19:47:42 INFO [Conflicts]: ------------------------------------------------------------------
14-11-2018 19:47:42 INFO [Conflicts]: Skipped Test Case No. TC_08
14-11-2018 19:47:42 INFO [Conflicts]: ------------------------------------------------------------------
14-11-2018 19:47:42 INFO [Conflicts]: Skipped Test Case No. TC_09
14-11-2018 19:47:42 INFO [Conflicts]: ------------------------------------------------------------------
14-11-2018 19:48:20 INFO [Mailer]: Screenshot Captured
14-11-2018 19:48:22 INFO [Mailer]: Sending Mail for WS:Conflicts
14-11-2018 19:48:32 INFO [Mailer]: Mail Sent Succesfully
